  [1m[35m (172.2ms)[0m  [1m[35mCREATE DATABASE "swishjam_dev" ENCODING = 'unicode'[0m
  [1m[35m (144.8ms)[0m  [1m[35mCREATE DATABASE "database_test" ENCODING = 'unicode'[0m
  [1m[35m (26.2ms)[0m  [1m[35mCREATE TABLE "schema_migrations" ("version" character varying NOT NULL PRIMARY KEY)[0m
  [1m[35m (5.4ms)[0m  [1m[35mCREATE TABLE "ar_internal_metadata" ("key" character varying NOT NULL PRIMARY KEY, "value" character varying, "created_at" timestamp(6) NOT NULL, "updated_at" timestamp(6) NOT NULL)[0m
  [1m[35m (0.4ms)[0m  [1m[34mSELECT pg_try_advisory_lock(8004961943927169060)[0m
  [1m[35m (0.8ms)[0m  [1m[34mSELECT "schema_migrations"."version" FROM "schema_migrations" ORDER BY "schema_migrations"."version" ASC[0m
Migrating to InitialMigration (20230801220030)
  [1m[36mTRANSACTION (0.9ms)[0m  [1m[35mBEGIN[0m
  [1m[35m (11.2ms)[0m  [1m[35mCREATE TABLE "instances" ("id" bigserial primary key, "public_key" character varying, "created_at" timestamp(6) NOT NULL, "updated_at" timestamp(6) NOT NULL)[0m
  [1m[35m (2.9ms)[0m  [1m[35mCREATE INDEX "index_instances_on_public_key" ON "instances" ("public_key")[0m
  [1m[35m (33.7ms)[0m  [1m[35mCREATE TABLE "organizations" ("id" bigserial primary key, "instance_id" bigint, "name" character varying, "unique_identifier" character varying, "created_at" timestamp(6) NOT NULL, "updated_at" timestamp(6) NOT NULL)[0m
  [1m[35m (2.6ms)[0m  [1m[35mCREATE INDEX "index_organizations_on_instance_id" ON "organizations" ("instance_id")[0m
  [1m[35m (2.3ms)[0m  [1m[35mCREATE INDEX "index_organizations_on_unique_identifier" ON "organizations" ("unique_identifier")[0m
  [1m[35m (9.0ms)[0m  [1m[35mCREATE TABLE "users" ("id" bigserial primary key, "instance_id" bigint, "unique_identifier" character varying, "email" character varying, "first_name" character varying, "last_name" character varying, "created_at" timestamp(6) NOT NULL, "updated_at" timestamp(6) NOT NULL)[0m
  [1m[35m (2.4ms)[0m  [1m[35mCREATE INDEX "index_users_on_instance_id" ON "users" ("instance_id")[0m
  [1m[35m (2.8ms)[0m  [1m[35mCREATE INDEX "index_users_on_unique_identifier" ON "users" ("unique_identifier")[0m
  [1m[35m (6.0ms)[0m  [1m[35mCREATE TABLE "organization_users" ("id" bigserial primary key, "organization_id" bigint, "user_id" bigint, "created_at" timestamp(6) NOT NULL, "updated_at" timestamp(6) NOT NULL)[0m
  [1m[35m (2.3ms)[0m  [1m[35mCREATE INDEX "index_organization_users_on_organization_id" ON "organization_users" ("organization_id")[0m
  [1m[35m (3.7ms)[0m  [1m[35mCREATE INDEX "index_organization_users_on_user_id" ON "organization_users" ("user_id")[0m
  [1m[35m (9.7ms)[0m  [1m[35mCREATE TABLE "devices" ("id" bigserial primary key, "instance_id" bigint, "user_id" bigint, "fingerprint" character varying, "user_agent" character varying, "browser" character varying, "browser_version" character varying, "os" character varying, "os_version" character varying, "device" character varying, "created_at" timestamp(6) NOT NULL, "updated_at" timestamp(6) NOT NULL)[0m
  [1m[35m (2.8ms)[0m  [1m[35mCREATE INDEX "index_devices_on_instance_id" ON "devices" ("instance_id")[0m
  [1m[35m (1.8ms)[0m  [1m[35mCREATE INDEX "index_devices_on_user_id" ON "devices" ("user_id")[0m
  [1m[35m (2.4ms)[0m  [1m[35mCREATE INDEX "index_devices_on_fingerprint" ON "devices" ("fingerprint")[0m
  [1m[35m (10.0ms)[0m  [1m[35mCREATE TABLE "sessions" ("id" bigserial primary key, "organization_id" bigint, "device_id" bigint, "unique_identifier" character varying, "start_time" timestamp, "end_time" timestamp, "created_at" timestamp(6) NOT NULL, "updated_at" timestamp(6) NOT NULL)[0m
  [1m[35m (2.2ms)[0m  [1m[35mCREATE INDEX "index_sessions_on_organization_id" ON "sessions" ("organization_id")[0m
  [1m[35m (2.2ms)[0m  [1m[35mCREATE INDEX "index_sessions_on_device_id" ON "sessions" ("device_id")[0m
  [1m[35m (2.6ms)[0m  [1m[35mCREATE INDEX "index_sessions_on_unique_identifier" ON "sessions" ("unique_identifier")[0m
  [1m[35m (9.8ms)[0m  [1m[35mCREATE TABLE "page_hits" ("id" bigserial primary key, "device_id" bigint, "session_id" bigint, "unique_identifier" character varying, "full_url" character varying, "url_host" character varying, "url_path" character varying, "url_query" character varying, "referrer_full_url" character varying, "referrer_url_host" character varying, "referrer_url_path" character varying, "referrer_url_query" character varying, "start_time" timestamp, "end_time" timestamp, "created_at" timestamp(6) NOT NULL, "updated_at" timestamp(6) NOT NULL)[0m
  [1m[35m (2.1ms)[0m  [1m[35mCREATE INDEX "index_page_hits_on_device_id" ON "page_hits" ("device_id")[0m
  [1m[35m (2.3ms)[0m  [1m[35mCREATE INDEX "index_page_hits_on_session_id" ON "page_hits" ("session_id")[0m
  [1m[35m (1.5ms)[0m  [1m[35mCREATE INDEX "index_page_hits_on_unique_identifier" ON "page_hits" ("unique_identifier")[0m
  [1m[35m (8.9ms)[0m  [1m[35mCREATE TABLE "events" ("id" bigserial primary key, "device_id" bigint, "session_id" bigint, "page_hit_id" bigint, "name" character varying, "timestamp" timestamp, "created_at" timestamp(6) NOT NULL, "updated_at" timestamp(6) NOT NULL)[0m
  [1m[35m (2.1ms)[0m  [1m[35mCREATE INDEX "index_events_on_device_id" ON "events" ("device_id")[0m
  [1m[35m (2.4ms)[0m  [1m[35mCREATE INDEX "index_events_on_session_id" ON "events" ("session_id")[0m
  [1m[35m (1.8ms)[0m  [1m[35mCREATE INDEX "index_events_on_page_hit_id" ON "events" ("page_hit_id")[0m
  [1m[35m (16.1ms)[0m  [1m[35mCREATE TABLE "metadata" ("id" bigserial primary key, "parent_type" character varying, "parent_id" bigint, "key" character varying, "value" character varying, "created_at" timestamp(6) NOT NULL, "updated_at" timestamp(6) NOT NULL)[0m
  [1m[35m (4.2ms)[0m  [1m[35mCREATE INDEX "index_metadata_on_parent" ON "metadata" ("parent_type", "parent_id")[0m
  [1m[36mActiveRecord::SchemaMigration Create (3.9ms)[0m  [1m[32mINSERT INTO "schema_migrations" ("version") VALUES ($1) RETURNING "version"[0m  [["version", "20230801220030"]]
  [1m[36mTRANSACTION (1.2ms)[0m  [1m[35mCOMMIT[0m
  [1m[36mActiveRecord::InternalMetadata Load (0.6ms)[0m  [1m[34mSELECT "ar_internal_metadata".* FROM "ar_internal_metadata" WHERE "ar_internal_metadata"."key" = $1 LIMIT $2[0m  [["key", "environment"], ["LIMIT", 1]]
  [1m[36mTRANSACTION (0.2ms)[0m  [1m[35mBEGIN[0m
  [1m[36mActiveRecord::InternalMetadata Create (2.2ms)[0m  [1m[32mINSERT INTO "ar_internal_metadata" ("key", "value", "created_at", "updated_at") VALUES ($1, $2, $3, $4) RETURNING "key"[0m  [["key", "environment"], ["value", "development"], ["created_at", "2023-08-07 22:12:22.209060"], ["updated_at", "2023-08-07 22:12:22.209060"]]
  [1m[36mTRANSACTION (0.5ms)[0m  [1m[35mCOMMIT[0m
  [1m[35m (0.6ms)[0m  [1m[34mSELECT pg_advisory_unlock(8004961943927169060)[0m
  [1m[35m (1.4ms)[0m  [1m[34mSELECT "schema_migrations"."version" FROM "schema_migrations" ORDER BY "schema_migrations"."version" ASC[0m
